<?xml version="1.0" encoding="UTF-8"?>
<coverage generated="1522764261">
  <project timestamp="1522764261">
    <package name="StoreLocator">
      <file name="Z:\wamp\www\repositories\StoreLocator\src/Store.php">
        <class name="StoreLocator\Store" namespace="StoreLocator">
          <metrics complexity="26" methods="11" coveredmethods="11" conditionals="0" coveredconditionals="0" statements="31" coveredstatements="31" elements="42" coveredelements="42"/>
        </class>
        <line num="23" type="method" name="__construct" visibility="public" complexity="1" crap="1" count="8"/>
        <line num="24" type="stmt" count="8"/>
        <line num="25" type="stmt" count="8"/>
        <line num="26" type="stmt" count="8"/>
        <line num="33" type="method" name="setStoreDBTableName" visibility="public" complexity="3" crap="3" count="8"/>
        <line num="34" type="stmt" count="8"/>
        <line num="35" type="stmt" count="8"/>
        <line num="37" type="stmt" count="8"/>
        <line num="44" type="method" name="getStoreDBTableName" visibility="public" complexity="1" crap="1" count="8"/>
        <line num="45" type="stmt" count="8"/>
        <line num="53" type="method" name="getStoreByID" visibility="public" complexity="1" crap="1" count="2"/>
        <line num="54" type="stmt" count="2"/>
        <line num="62" type="method" name="getStoreByName" visibility="public" complexity="3" crap="3" count="1"/>
        <line num="63" type="stmt" count="1"/>
        <line num="64" type="stmt" count="1"/>
        <line num="65" type="stmt" count="1"/>
        <line num="67" type="stmt" count="1"/>
        <line num="74" type="method" name="getStores" visibility="public" complexity="1" crap="1" count="1"/>
        <line num="75" type="stmt" count="1"/>
        <line num="84" type="method" name="addStore" visibility="public" complexity="5" crap="5" count="1"/>
        <line num="85" type="stmt" count="1"/>
        <line num="86" type="stmt" count="1"/>
        <line num="87" type="stmt" count="1"/>
        <line num="88" type="stmt" count="1"/>
        <line num="89" type="stmt" count="1"/>
        <line num="92" type="stmt" count="1"/>
        <line num="102" type="method" name="updateStore" visibility="public" complexity="7" crap="7" count="1"/>
        <line num="103" type="stmt" count="1"/>
        <line num="104" type="stmt" count="1"/>
        <line num="105" type="stmt" count="1"/>
        <line num="106" type="stmt" count="1"/>
        <line num="107" type="stmt" count="1"/>
        <line num="110" type="stmt" count="1"/>
        <line num="118" type="method" name="deleteStore" visibility="public" complexity="1" crap="1" count="1"/>
        <line num="119" type="stmt" count="1"/>
        <line num="129" type="method" name="findClosest" visibility="public" complexity="2" crap="2" count="1"/>
        <line num="130" type="stmt" count="1"/>
        <line num="131" type="stmt" count="1"/>
        <line num="132" type="stmt" count="1"/>
        <line num="134" type="stmt" count="1"/>
        <line num="145" type="method" name="findClosestByLatLng" visibility="public" complexity="1" crap="1" count="1"/>
        <line num="146" type="stmt" count="1"/>
        <metrics loc="148" ncloc="83" classes="1" methods="11" coveredmethods="11" conditionals="0" coveredconditionals="0" statements="31" coveredstatements="31" elements="42" coveredelements="42"/>
      </file>
    </package>
    <metrics files="1" loc="148" ncloc="83" classes="1" methods="11" coveredmethods="11" conditionals="0" coveredconditionals="0" statements="31" coveredstatements="31" elements="42" coveredelements="42"/>
  </project>
</coverage>
